<?xml version="1.0" encoding="UTF-8"?>
<testng-results ignored="0" total="1" passed="1" failed="0" skipped="0">
  <reporter-output>
  </reporter-output>
  <suite started-at="2020-09-12T13:52:06Z" name="Default suite" finished-at="2020-09-12T13:52:07Z" duration-ms="408">
    <groups>
    </groups>
    <test started-at="2020-09-12T13:52:06Z" name="Default test" finished-at="2020-09-12T13:52:07Z" duration-ms="408">
      <class name="CoolTester.Selenium.AppTest">
        <test-method signature="shouldAnswerWithTrue()[pri:0, instance:CoolTester.Selenium.AppTest@48f278eb]" started-at="2020-09-12T08:52:07Z" name="shouldAnswerWithTrue" finished-at="2020-09-12T08:52:07Z" duration-ms="118" status="PASS">
          <reporter-output>
          </reporter-output>
        </test-method> <!-- shouldAnswerWithTrue -->
      </class> <!-- CoolTester.Selenium.AppTest -->
    </test> <!-- Default test -->
  </suite> <!-- Default suite -->
</testng-results>
